WARNING:werkzeug: * Debugger is active!
INFO:werkzeug: * Debugger PIN: 882-941-036
WARNING:werkzeug: * Running on all addresses.
   WARNING: This is a development server. Do not use it in a production deployment.
INFO:werkzeug: * Running on http://192.168.1.89:3111/ (Press CTRL+C to quit)
INFO:werkzeug: * Detected change in 'C:\\Users\\Shweta Kadam\\OneDrive\\Documents\\GitHub\\nd064_course_1\\project\\techtrends\\app.py', reloading
WARNING:werkzeug: * Debugger is active!
INFO:werkzeug: * Debugger PIN: 882-941-036
WARNING:werkzeug: * Running on all addresses.
   WARNING: This is a development server. Do not use it in a production deployment.
INFO:werkzeug: * Running on http://192.168.1.89:3111/ (Press CTRL+C to quit)
INFO:werkzeug: * Restarting with stat
WARNING:werkzeug: * Debugger is active!
INFO:werkzeug: * Debugger PIN: 882-941-036
WARNING:werkzeug: * Running on all addresses.
   WARNING: This is a development server. Do not use it in a production deployment.
INFO:werkzeug: * Running on http://192.168.1.89:3111/ (Press CTRL+C to quit)
INFO:werkzeug: * Restarting with stat
WARNING:werkzeug: * Debugger is active!
INFO:werkzeug: * Debugger PIN: 882-941-036
WARNING:werkzeug: * Running on all addresses.
   WARNING: This is a development server. Do not use it in a production deployment.
INFO:werkzeug: * Running on http://192.168.1.89:3111/ (Press CTRL+C to quit)
INFO:werkzeug: * Detected change in 'C:\\Users\\Shweta Kadam\\OneDrive\\Documents\\GitHub\\nd064_course_1\\project\\techtrends\\app.py', reloading
INFO:werkzeug: * Restarting with stat
WARNING:werkzeug: * Debugger is active!
INFO:werkzeug: * Debugger PIN: 882-941-036
WARNING:werkzeug: * Running on all addresses.
   WARNING: This is a development server. Do not use it in a production deployment.
INFO:werkzeug: * Running on http://192.168.1.89:3111/ (Press CTRL+C to quit)
INFO:werkzeug: * Restarting with stat
WARNING:werkzeug: * Debugger is active!
INFO:werkzeug: * Debugger PIN: 882-941-036
WARNING:werkzeug: * Running on all addresses.
   WARNING: This is a development server. Do not use it in a production deployment.
INFO:werkzeug: * Running on http://192.168.1.89:3111/ (Press CTRL+C to quit)
INFO:werkzeug: * Detected change in 'C:\\Users\\Shweta Kadam\\OneDrive\\Documents\\GitHub\\nd064_course_1\\project\\techtrends\\app.py', reloading
INFO:werkzeug: * Restarting with stat
